<?xml version="1.0" encoding="UTF-8"?>
<!-- Generated by org.testng.reporters.JUnitReportReporter -->
<testsuite hostname="INWSLPDEV-112" failures="0" tests="10" name="TestCases.HomePageTest" time="121.357" errors="0" timestamp="2025-09-10T19:11:26 IST" skipped="0">
  <testcase classname="TestCases.HomePageTest" name="lifeTimeMembership" time="4.405"/>
  <testcase classname="TestCases.HomePageTest" name="buttonsCheck" time="7.901"/>
  <testcase classname="TestCases.HomePageTest" name="lifeTimeMembership" time="7.465"/>
  <testcase classname="TestCases.HomePageTest" name="mngrLogin" time="3.807"/>
  <testcase classname="TestCases.HomePageTest" name="custLogin" time="3.304"/>
  <testcase classname="TestCases.HomePageTest" name="custLogin" time="7.797"/>
  <testcase classname="TestCases.HomePageTest" name="home" time="9.420"/>
  <testcase classname="TestCases.HomePageTest" name="home" time="6.500"/>
  <testcase classname="TestCases.HomePageTest" name="mngrLogin" time="67.784"/>
  <testcase classname="TestCases.HomePageTest" name="buttonsCheck" time="2.974"/>
</testsuite> <!-- TestCases.HomePageTest -->
