<?xml version="1.0" encoding="UTF-8"?>
<!-- Generated by org.testng.reporters.JUnitReportReporter -->
<testsuite hostname="INWSLPDEV-112" failures="0" tests="6" name="TestCases.SampleFormTest" time="52.530" errors="0" timestamp="2025-09-10T19:11:26 IST" skipped="0">
  <testcase classname="TestCases.SampleFormTest" name="valueTest" time="5.619"/>
  <testcase classname="TestCases.SampleFormTest" name="valueTest" time="12.176"/>
  <testcase classname="TestCases.SampleFormTest" name="valueTest" time="12.249"/>
  <testcase classname="TestCases.SampleFormTest" name="valueTest" time="11.584"/>
  <testcase classname="TestCases.SampleFormTest" name="valueTest" time="6.012"/>
  <testcase classname="TestCases.SampleFormTest" name="valueTest" time="4.890"/>
</testsuite> <!-- TestCases.SampleFormTest -->
