<?xml version="1.0" encoding="UTF-8"?>
<!-- Generated by org.testng.reporters.JUnitReportReporter -->
<testsuite hostname="INWSLPDEV-112" failures="0" tests="58" name="TestCases.CustLoginTest" time="983.268" errors="0" timestamp="2025-09-10T19:11:26 IST" skipped="0">
  <testcase classname="TestCases.CustLoginTest" name="withdrawTest" time="96.903"/>
  <testcase classname="TestCases.CustLoginTest" name="transactionTableTest" time="11.728"/>
  <testcase classname="TestCases.CustLoginTest" name="transactionTableTest" time="9.726"/>
  <testcase classname="TestCases.CustLoginTest" name="TransactionBackButttonTest" time="6.832"/>
  <testcase classname="TestCases.CustLoginTest" name="depositTest" time="7.152"/>
  <testcase classname="TestCases.CustLoginTest" name="transactionTableTest" time="7.045"/>
  <testcase classname="TestCases.CustLoginTest" name="depositTest" time="10.113"/>
  <testcase classname="TestCases.CustLoginTest" name="transactionTableTest" time="10.619"/>
  <testcase classname="TestCases.CustLoginTest" name="transactionTableTest" time="6.435"/>
  <testcase classname="TestCases.CustLoginTest" name="TransactionBackButttonTest" time="16.257"/>
  <testcase classname="TestCases.CustLoginTest" name="afterLoginPageTest" time="5.501"/>
  <testcase classname="TestCases.CustLoginTest" name="afterLoginPageTest" time="5.310"/>
  <testcase classname="TestCases.CustLoginTest" name="afterLoginPageTest" time="5.493"/>
  <testcase classname="TestCases.CustLoginTest" name="depositTest" time="7.265"/>
  <testcase classname="TestCases.CustLoginTest" name="afterLoginPageTest" time="11.944"/>
  <testcase classname="TestCases.CustLoginTest" name="withdrawTest" time="72.023"/>
  <testcase classname="TestCases.CustLoginTest" name="transactionTableTest" time="13.173"/>
  <testcase classname="TestCases.CustLoginTest" name="afterLoginPageTest" time="5.376"/>
  <testcase classname="TestCases.CustLoginTest" name="withdrawTest" time="7.699"/>
  <testcase classname="TestCases.CustLoginTest" name="transactionTableTest" time="6.657"/>
  <testcase classname="TestCases.CustLoginTest" name="afterLoginPageTest" time="5.716"/>
  <testcase classname="TestCases.CustLoginTest" name="withdrawTest" time="101.342"/>
  <testcase classname="TestCases.CustLoginTest" name="withdrawTest" time="8.909"/>
  <testcase classname="TestCases.CustLoginTest" name="withdrawTest" time="8.823"/>
  <testcase classname="TestCases.CustLoginTest" name="withdrawTest" time="7.991"/>
  <testcase classname="TestCases.CustLoginTest" name="transactionTableTest" time="6.709"/>
  <testcase classname="TestCases.CustLoginTest" name="withdrawTest" time="159.627"/>
  <testcase classname="TestCases.CustLoginTest" name="depositTest" time="7.280"/>
  <testcase classname="TestCases.CustLoginTest" name="TransactionBackButttonTest" time="11.498"/>
  <testcase classname="TestCases.CustLoginTest" name="transactionTableTest" time="7.408"/>
  <testcase classname="TestCases.CustLoginTest" name="drpdownNameSelectionTest" time="13.269"/>
  <testcase classname="TestCases.CustLoginTest" name="withdrawTest" time="8.424"/>
  <testcase classname="TestCases.CustLoginTest" name="afterLoginPageTest" time="9.574"/>
  <testcase classname="TestCases.CustLoginTest" name="depositTest" time="15.763"/>
  <testcase classname="TestCases.CustLoginTest" name="TransactionBackButttonTest" time="6.389"/>
  <testcase classname="TestCases.CustLoginTest" name="withdrawTest" time="69.589"/>
  <testcase classname="TestCases.CustLoginTest" name="depositTest" time="18.458"/>
  <testcase classname="TestCases.CustLoginTest" name="drpdownNameSelectionTest" time="7.160"/>
  <testcase classname="TestCases.CustLoginTest" name="depositTest" time="7.991"/>
  <testcase classname="TestCases.CustLoginTest" name="TransactionBackButttonTest" time="12.412"/>
  <testcase classname="TestCases.CustLoginTest" name="depositTest" time="13.678"/>
  <testcase classname="TestCases.CustLoginTest" name="afterLoginPageTest" time="10.576"/>
  <testcase classname="TestCases.CustLoginTest" name="TransactionBackButttonTest" time="7.697"/>
  <testcase classname="TestCases.CustLoginTest" name="depositTest" time="11.739"/>
  <testcase classname="TestCases.CustLoginTest" name="depositTest" time="11.555"/>
  <testcase classname="TestCases.CustLoginTest" name="TransactionBackButttonTest" time="7.149"/>
  <testcase classname="TestCases.CustLoginTest" name="afterLoginPageTest" time="12.614"/>
  <testcase classname="TestCases.CustLoginTest" name="afterLoginPageTest" time="9.042"/>
  <testcase classname="TestCases.CustLoginTest" name="transactionTableTest" time="11.239"/>
  <testcase classname="TestCases.CustLoginTest" name="TransactionBackButttonTest" time="12.179"/>
  <testcase classname="TestCases.CustLoginTest" name="TransactionBackButttonTest" time="6.743"/>
  <testcase classname="TestCases.CustLoginTest" name="TransactionBackButttonTest" time="9.703"/>
  <testcase classname="TestCases.CustLoginTest" name="checkCustomerButton" time="8.399"/>
  <testcase classname="TestCases.CustLoginTest" name="checkCustomerButton" time="3.777"/>
  <testcase classname="TestCases.CustLoginTest" name="drpDownSizeTest" time="3.682"/>
  <testcase classname="TestCases.CustLoginTest" name="drpDownSizeTest" time="9.555"/>
  <testcase classname="TestCases.CustLoginTest" name="drpDownNamesTest" time="4.017"/>
  <testcase classname="TestCases.CustLoginTest" name="drpDownNamesTest" time="12.341"/>
</testsuite> <!-- TestCases.CustLoginTest -->
